
Showing logs for build [32mcb-kubecd-environment-pr-1299-2-nnmws-1[0m stage [32mfrom-build-pack[0m and container [32mstep-credential-initializer-r9fsg[0m
{"level":"warn","ts":1584969467.5245912,"logger":"fallback-logger","caller":"logging/config.go:69","msg":"Fetch GitHub commit ID from kodata failed: \"ref: refs/heads/0.8.0-**-support-backwards-incompats\" is not a valid GitHub commit ID"}
{"level":"info","ts":1584969467.5263941,"logger":"fallback-logger","caller":"creds-init/main.go:40","msg":"Credentials initialized."}

Showing logs for build [32mcb-kubecd-environment-pr-1299-2-nnmws-1[0m stage [32mfrom-build-pack[0m and container [32mstep-working-dir-initializer-vgkjz[0m
{"level":"warn","ts":1584969468.5110004,"logger":"fallback-logger","caller":"logging/config.go:69","msg":"Fetch GitHub commit ID from kodata failed: open /var/run/ko/HEAD: no such file or directory"}
{"level":"info","ts":1584969468.5127454,"logger":"fallback-logger","caller":"bash/main.go:64","msg":"Successfully executed command \"sh -c mkdir -p /workspace/source\"; output "}

Showing logs for build [32mcb-kubecd-environment-pr-1299-2-nnmws-1[0m stage [32mfrom-build-pack[0m and container [32mstep-place-tools[0m

Showing logs for build [32mcb-kubecd-environment-pr-1299-2-nnmws-1[0m stage [32mfrom-build-pack[0m and container [32mstep-git-source-cb-kubecd-environment-pr-1299-2-nnmws-79dbc[0m
{"level":"warn","ts":1584969474.5428464,"logger":"fallback-logger","caller":"logging/config.go:69","msg":"Fetch GitHub commit ID from kodata failed: \"ref: refs/heads/0.8.0-**-support-backwards-incompats\" is not a valid GitHub commit ID"}
{"level":"info","ts":1584969475.968253,"logger":"fallback-logger","caller":"git/git.go:103","msg":"Successfully cloned https://github.com/cb-kubecd/environment-pr-1299-2-bdd-frontend-staging.git @ master in path /workspace/source"}

Showing logs for build [32mcb-kubecd-environment-pr-1299-2-nnmws-1[0m stage [32mfrom-build-pack[0m and container [32mstep-git-merge[0m
Using SHAs from PULL_REFS=master:c17799cdbf1097d0a1be522671a08b8b0504623e,1:8a95e5b6b09533c662c0c926fb883c8f475663c7
DEBUG: LC_ALL=C JX_LOG_LEVEL=error git fetch origin --unshallow 8a95e5b6b09533c662c0c926fb883c8f475663c7: c17799cdbf1097d0a1be522671a08b8b0504623e:
DEBUG: ran git fetch --unshallow origin 8a95e5b6b09533c662c0c926fb883c8f475663c7: c17799cdbf1097d0a1be522671a08b8b0504623e: in 
DEBUG: LC_ALL=C JX_LOG_LEVEL=error git branch
DEBUG: LC_ALL=C JX_LOG_LEVEL=error git checkout master
DEBUG: ran git checkout master in 
DEBUG: JX_LOG_LEVEL=error LC_ALL=C git reset --hard c17799cdbf1097d0a1be522671a08b8b0504623e
DEBUG: ran git reset --hard c17799cdbf1097d0a1be522671a08b8b0504623e in 
DEBUG: LC_ALL=C JX_LOG_LEVEL=error git clean -fd .
DEBUG: ran clean --force -d . in 
DEBUG: LC_ALL=C JX_LOG_LEVEL=error git merge 8a95e5b6b09533c662c0c926fb883c8f475663c7
DEBUG: ran git merge 8a95e5b6b09533c662c0c926fb883c8f475663c7 in 
DEBUG: LC_ALL=C JX_LOG_LEVEL=error git log --format=%H%x1f%an%x1f%ae%x1f%cn%x1f%ce%x1f%s%n%b%x1e c17799cdbf1097d0a1be522671a08b8b0504623e..HEAD
Merged SHA 8a95e5b6b09533c662c0c926fb883c8f475663c7 with commit message 'chore: Promote bdd-nh-1584968551 to version 0.0.1' into base branch master

Showing logs for build [32mcb-kubecd-environment-pr-1299-2-nnmws-1[0m stage [32mfrom-build-pack[0m and container [32mstep-build-helm-build[0m
WARNING: No $CHART_REPOSITORY defined so using the default value of: http://jenkins-x-chartmuseum:8080
Adding missing Helm repo: storage.googleapis.com https://storage.googleapis.com/chartmuseum.jenkins-x.io
WARNING: No secrets found on "helm/repos" due: reading the secret "helm/repos" from vault: no secret "helm/repos" not found in vault
Read credentials for https://storage.googleapis.com/chartmuseum.jenkins-x.io from vault helm/repos
Successfully added Helm repository storage.googleapis.com.
Adding missing Helm repo: jenkins-x-chartmuseum http://jenkins-x-chartmuseum:8080
WARNING: No secrets found on "helm/repos" due: reading the secret "helm/repos" from vault: no secret "helm/repos" not found in vault
Read credentials for http://jenkins-x-chartmuseum:8080 from vault helm/repos
Successfully added Helm repository jenkins-x-chartmuseum.
WARNING: No $CHART_REPOSITORY defined so using the default value of: http://jenkins-x-chartmuseum:8080
Adding missing Helm repo: chartmuseum.jenkins-x.io http://chartmuseum.jenkins-x.io
WARNING: No secrets found on "helm/repos" due: reading the secret "helm/repos" from vault: no secret "helm/repos" not found in vault
Read credentials for http://chartmuseum.jenkins-x.io from vault helm/repos
Successfully added Helm repository chartmuseum.jenkins-x.io.
